Using pre-set license
Built from '2022.3/staging' branch; Version is '2022.3.7f1 (b16b3b16c7a0) revision 11627323'; Using compiler version '192829333'; Build Type 'Release'
OS: 'Windows 10  (10.0.19045) 64bit Professional' Language: 'ru' Physical Memory: 16302 MB
BatchMode: 1, IsHumanControllingUs: 0, StartBugReporterOnCrash: 0, Is64bit: 1, IsPro: 1

COMMAND LINE ARGUMENTS:
D:\Program Files\Unity Hub\Editor\2022.3.7f1\Editor\Unity.exe
-adb2
-batchMode
-noUpm
-name
AssetImportWorker0
-projectPath
D:/1 Work/Torture/HOOK-AND-FISH/HookAndFish
-logFile
Logs/AssetImportWorker0.log
-srvPort
60484
Successfully changed project path to: D:/1 Work/Torture/HOOK-AND-FISH/HookAndFish
D:/1 Work/Torture/HOOK-AND-FISH/HookAndFish
[UnityMemory] Configuration Parameters - Can be set up in boot.config
    "memorysetup-bucket-allocator-granularity=16"
    "memorysetup-bucket-allocator-bucket-count=8"
    "memorysetup-bucket-allocator-block-size=33554432"
    "memorysetup-bucket-allocator-block-count=8"
    "memorysetup-main-allocator-block-size=16777216"
    "memorysetup-thread-allocator-block-size=16777216"
    "memorysetup-gfx-main-allocator-block-size=16777216"
    "memorysetup-gfx-thread-allocator-block-size=16777216"
    "memorysetup-cache-allocator-block-size=4194304"
    "memorysetup-typetree-allocator-block-size=2097152"
    "memorysetup-profiler-bucket-allocator-granularity=16"
    "memorysetup-profiler-bucket-allocator-bucket-count=8"
    "memorysetup-profiler-bucket-allocator-block-size=33554432"
    "memorysetup-profiler-bucket-allocator-block-count=8"
    "memorysetup-profiler-allocator-block-size=16777216"
    "memorysetup-profiler-editor-allocator-block-size=1048576"
    "memorysetup-temp-allocator-size-main=16777216"
    "memorysetup-job-temp-allocator-block-size=2097152"
    "memorysetup-job-temp-allocator-block-size-background=1048576"
    "memorysetup-job-temp-allocator-reduction-small-platforms=262144"
    "memorysetup-allocator-temp-initial-block-size-main=262144"
    "memorysetup-allocator-temp-initial-block-size-worker=262144"
    "memorysetup-temp-allocator-size-background-worker=32768"
    "memorysetup-temp-allocator-size-job-worker=262144"
    "memorysetup-temp-allocator-size-preload-manager=33554432"
    "memorysetup-temp-allocator-size-nav-mesh-worker=65536"
    "memorysetup-temp-allocator-size-audio-worker=65536"
    "memorysetup-temp-allocator-size-cloud-worker=32768"
    "memorysetup-temp-allocator-size-gi-baking-worker=262144"
    "memorysetup-temp-allocator-size-gfx=262144"
Player connection [8888] Host "[IP] 192.168.1.44 [Port] 0 [Flags] 2 [Guid] 3066681679 [EditorId] 3066681679 [Version] 1048832 [Id] WindowsEditor(7,Dummitry) [Debug] 1 [PackageName] WindowsEditor [ProjectName] Editor" joined multi-casting on [225.0.0.222:54997]...

Player connection [8888] Host "[IP] 192.168.1.44 [Port] 0 [Flags] 2 [Guid] 3066681679 [EditorId] 3066681679 [Version] 1048832 [Id] WindowsEditor(7,Dummitry) [Debug] 1 [PackageName] WindowsEditor [ProjectName] Editor" joined alternative multi-casting on [225.0.0.222:34997]...

Refreshing native plugins compatible for Editor in 22.34 ms, found 3 plugins.
Preloading 0 native plugins for Editor in 0.00 ms.
Initialize engine version: 2022.3.7f1 (b16b3b16c7a0)
[Subsystems] Discovering subsystems at path D:/Program Files/Unity Hub/Editor/2022.3.7f1/Editor/Data/Resources/UnitySubsystems
[Subsystems] Discovering subsystems at path D:/1 Work/Torture/HOOK-AND-FISH/HookAndFish/Assets
GfxDevice: creating device client; threaded=0; jobified=0
Direct3D:
    Version:  Direct3D 11.0 [level 11.1]
    Renderer: NVIDIA GeForce GTX 1070 (ID=0x1b81)
    Vendor:   NVIDIA
    VRAM:     8067 MB
    Driver:   31.0.15.5123
Initialize mono
Mono path[0] = 'D:/Program Files/Unity Hub/Editor/2022.3.7f1/Editor/Data/Managed'
Mono path[1] = 'D:/Program Files/Unity Hub/Editor/2022.3.7f1/Editor/Data/MonoBleedingEdge/lib/mono/unityjit-win32'
Mono config path = 'D:/Program Files/Unity Hub/Editor/2022.3.7f1/Editor/Data/MonoBleedingEdge/etc'
Using monoOptions --debugger-agent=transport=dt_socket,embedding=1,server=y,suspend=n,address=127.0.0.1:56508
Begin MonoManager ReloadAssembly
Registering precompiled unity dll's ...
Register platform support module: D:/Program Files/Unity Hub/Editor/2022.3.7f1/Editor/Data/PlaybackEngines/WebGLSupport/UnityEditor.WebGL.Extensions.dll
Register platform support module: D:/Program Files/Unity Hub/Editor/2022.3.7f1/Editor/Data/PlaybackEngines/AndroidPlayer/UnityEditor.Android.Extensions.dll
Register platform support module: D:/Program Files/Unity Hub/Editor/2022.3.7f1/Editor/Data/PlaybackEngines/WindowsStandaloneSupport/UnityEditor.WindowsStandalone.Extensions.dll
Registered in 0.037818 seconds.
- Loaded All Assemblies, in  0.547 seconds
Native extension for WindowsStandalone target not found
Native extension for Android target not found
Android Extension - Scanning For ADB Devices 323 ms
Native extension for WebGL target not found
Mono: successfully reloaded assembly
- Finished resetting the current domain, in  0.721 seconds
Domain Reload Profiling: 1261ms
	BeginReloadAssembly (195ms)
		ExecutionOrderSort (0ms)
		DisableScriptedObjects (0ms)
		BackupInstance (0ms)
		ReleaseScriptingObjects (0ms)
		CreateAndSetChildDomain (1ms)
	RebuildCommonClasses (41ms)
	RebuildNativeTypeToScriptingClass (12ms)
	initialDomainReloadingComplete (109ms)
	LoadAllAssembliesAndSetupDomain (182ms)
		LoadAssemblies (190ms)
		RebuildTransferFunctionScriptingTraits (0ms)
		AnalyzeDomain (177ms)
			TypeCache.Refresh (176ms)
				TypeCache.ScanAssembly (159ms)
			ScanForSourceGeneratedMonoScriptInfo (0ms)
			ResolveRequiredComponents (0ms)
	FinalizeReload (721ms)
		ReleaseScriptCaches (0ms)
		RebuildScriptCaches (0ms)
		SetupLoadedEditorAssemblies (656ms)
			LogAssemblyErrors (0ms)
			InitializePlatformSupportModulesInManaged (485ms)
			SetLoadedEditorAssemblies (5ms)
			RefreshPlugins (0ms)
			BeforeProcessingInitializeOnLoad (2ms)
			ProcessInitializeOnLoadAttributes (115ms)
			ProcessInitializeOnLoadMethodAttributes (48ms)
			AfterProcessingInitializeOnLoad (0ms)
			EditorAssembliesLoaded (0ms)
		ExecutionOrderSort2 (0ms)
		AwakeInstancesAfterBackupRestoration (0ms)
========================================================================
Worker process is ready to serve import requests
Begin MonoManager ReloadAssembly
Symbol file LoadedFromMemory doesn't match image D:\1 Work\Torture\HOOK-AND-FISH\HookAndFish\Library\PackageCache\com.unity.visualscripting@1.8.0\Editor\VisualScripting.Core\Dependencies\YamlDotNet\Unity.VisualScripting.YamlDotNet.dll
Symbol file LoadedFromMemory doesn't match image D:\1 Work\Torture\HOOK-AND-FISH\HookAndFish\Library\PackageCache\com.unity.visualscripting@1.8.0\Editor\VisualScripting.Core\Dependencies\DotNetZip\Unity.VisualScripting.IonicZip.dll
- Loaded All Assemblies, in  1.028 seconds
Refreshing native plugins compatible for Editor in 10.98 ms, found 3 plugins.
Native extension for WindowsStandalone target not found
Native extension for Android target not found
Native extension for WebGL target not found
Package Manager log level set to [2]
[Package Manager] Server::EnsureServerProcessIsRunning -- launch failed, reason: Unity was launched with the -noUpm command-line argument
[Package Manager] UpmClient::Send -- Unable to send message (not connected to UPM process).
[Package Manager] Cannot connect to Unity Package Manager local server
Mono: successfully reloaded assembly
- Finished resetting the current domain, in  0.796 seconds
Domain Reload Profiling: 1812ms
	BeginReloadAssembly (210ms)
		ExecutionOrderSort (0ms)
		DisableScriptedObjects (8ms)
		BackupInstance (0ms)
		ReleaseScriptingObjects (0ms)
		CreateAndSetChildDomain (23ms)
	RebuildCommonClasses (40ms)
	RebuildNativeTypeToScriptingClass (13ms)
	initialDomainReloadingComplete (62ms)
	LoadAllAssembliesAndSetupDomain (690ms)
		LoadAssemblies (580ms)
		RebuildTransferFunctionScriptingTraits (0ms)
		AnalyzeDomain (244ms)
			TypeCache.Refresh (215ms)
				TypeCache.ScanAssembly (193ms)
			ScanForSourceGeneratedMonoScriptInfo (21ms)
			ResolveRequiredComponents (6ms)
	FinalizeReload (797ms)
		ReleaseScriptCaches (0ms)
		RebuildScriptCaches (0ms)
		SetupLoadedEditorAssemblies (629ms)
			LogAssemblyErrors (0ms)
			InitializePlatformSupportModulesInManaged (46ms)
			SetLoadedEditorAssemblies (3ms)
			RefreshPlugins (0ms)
			BeforeProcessingInitializeOnLoad (113ms)
			ProcessInitializeOnLoadAttributes (421ms)
			ProcessInitializeOnLoadMethodAttributes (19ms)
			AfterProcessingInitializeOnLoad (26ms)
			EditorAssembliesLoaded (0ms)
		ExecutionOrderSort2 (0ms)
		AwakeInstancesAfterBackupRestoration (8ms)
Launched and connected shader compiler UnityShaderCompiler.exe after 0.05 seconds
Refreshing native plugins compatible for Editor in 9.69 ms, found 3 plugins.
Preloading 0 native plugins for Editor in 0.00 ms.
Unloading 3616 Unused Serialized files (Serialized files now loaded: 0)
Unloading 42 unused Assets / (59.6 KB). Loaded Objects now: 4093.
Memory consumption went from 152.0 MB to 151.9 MB.
Total: 3.752800 ms (FindLiveObjects: 0.292000 ms CreateObjectMapping: 0.228600 ms MarkObjects: 3.096600 ms  DeleteObjects: 0.134800 ms)

AssetImportParameters requested are different than current active one (requested -> active):
  custom:container-demuxer-ogg: 62fdf1f143b41e24485cea50d1cbac27 -> 
  custom:video-decoder-ogg-theora: a1e56fd34408186e4bbccfd4996cb3dc -> 
  custom:framework-win-MediaFoundation: 216162199b28c13a410421893ffa2e32 -> 
  custom:CustomObjectIndexerAttribute: 756ad292c208cfabdd7b50bc23989ffe -> 
  custom:container-demuxer-webm: 4f35f7cbe854078d1ac9338744f61a02 -> 
  custom:container-muxer-webm: aa71ff27fc2769a1b78a27578f13a17b -> 
  custom:video-decoder-webm-vp8: 9c59270c3fd7afecdb556c50c9e8de78 -> 
  custom:SearchIndexIgnoredProperties: e643bd26f0fe6173181afceb89e7c659 -> 
  custom:AudioImporter_EditorPlatform: d09bf68614088b80899f8185d706f6e7 -> 
  custom:video-encoder-webm-vp8: eb34c28f22e8b96e1ab97ce403110664 -> 
  custom:audio-decoder-ogg-vorbis: bf7c407c2cedff20999df2af8eb42d56 -> 
  custom:audio-encoder-webm-vorbis: bf7c407c2cedff20999df2af8eb42d56 -> 
========================================================================
Received Import Request.
  Time since last request: 267983.835150 seconds.
  path: Assets/Sourse/Level/Fishing Zone/Prefabs/Fishing Zone.prefab
  artifactKey: Guid(b626912b315ed4949a6756e0e28aacc1) Importer(815301076,1909f56bfc062723c751e8b465ee728b)
Start importing Assets/Sourse/Level/Fishing Zone/Prefabs/Fishing Zone.prefab using Guid(b626912b315ed4949a6756e0e28aacc1) Importer(815301076,1909f56bfc062723c751e8b465ee728b)  -> (artifact id: 'd89dd5b1f432d646652ad2bec564aaee') in 0.985271 seconds
Number of updated asset objects reloaded before import = 0
Number of asset objects unloaded after import = 175
========================================================================
Received Prepare
Begin MonoManager ReloadAssembly
Symbol file LoadedFromMemory doesn't match image D:\1 Work\Torture\HOOK-AND-FISH\HookAndFish\Library\PackageCache\com.unity.visualscripting@1.8.0\Editor\VisualScripting.Core\Dependencies\YamlDotNet\Unity.VisualScripting.YamlDotNet.dll
Symbol file LoadedFromMemory doesn't match image D:\1 Work\Torture\HOOK-AND-FISH\HookAndFish\Library\PackageCache\com.unity.visualscripting@1.8.0\Editor\VisualScripting.Core\Dependencies\DotNetZip\Unity.VisualScripting.IonicZip.dll
- Loaded All Assemblies, in  1.094 seconds
Refreshing native plugins compatible for Editor in 11.52 ms, found 3 plugins.
Native extension for WindowsStandalone target not found
Native extension for Android target not found
Native extension for WebGL target not found
[Package Manager] Server::EnsureServerProcessIsRunning -- launch failed, reason: Unity was launched with the -noUpm command-line argument
[Package Manager] UpmClient::Send -- Unable to send message (not connected to UPM process).
[Package Manager] Cannot connect to Unity Package Manager local server
Mono: successfully reloaded assembly
- Finished resetting the current domain, in  3.324 seconds
Domain Reload Profiling: 4404ms
	BeginReloadAssembly (431ms)
		ExecutionOrderSort (0ms)
		DisableScriptedObjects (5ms)
		BackupInstance (0ms)
		ReleaseScriptingObjects (0ms)
		CreateAndSetChildDomain (73ms)
	RebuildCommonClasses (61ms)
	RebuildNativeTypeToScriptingClass (18ms)
	initialDomainReloadingComplete (61ms)
	LoadAllAssembliesAndSetupDomain (508ms)
		LoadAssemblies (756ms)
		RebuildTransferFunctionScriptingTraits (0ms)
		AnalyzeDomain (33ms)
			TypeCache.Refresh (10ms)
				TypeCache.ScanAssembly (1ms)
			ScanForSourceGeneratedMonoScriptInfo (15ms)
			ResolveRequiredComponents (7ms)
	FinalizeReload (3325ms)
		ReleaseScriptCaches (0ms)
		RebuildScriptCaches (0ms)
		SetupLoadedEditorAssemblies (623ms)
			LogAssemblyErrors (0ms)
			InitializePlatformSupportModulesInManaged (60ms)
			SetLoadedEditorAssemblies (4ms)
			RefreshPlugins (0ms)
			BeforeProcessingInitializeOnLoad (127ms)
			ProcessInitializeOnLoadAttributes (382ms)
			ProcessInitializeOnLoadMethodAttributes (22ms)
			AfterProcessingInitializeOnLoad (28ms)
			EditorAssembliesLoaded (0ms)
		ExecutionOrderSort2 (0ms)
		AwakeInstancesAfterBackupRestoration (9ms)
Refreshing native plugins compatible for Editor in 11.86 ms, found 3 plugins.
Preloading 0 native plugins for Editor in 0.00 ms.
Unloading 3584 Unused Serialized files (Serialized files now loaded: 0)
Unloading 26 unused Assets / (32.4 KB). Loaded Objects now: 4108.
Memory consumption went from 143.9 MB to 143.8 MB.
Total: 3.434600 ms (FindLiveObjects: 0.267500 ms CreateObjectMapping: 0.281000 ms MarkObjects: 2.839200 ms  DeleteObjects: 0.045400 ms)

Prepare: number of updated asset objects reloaded= 0
AssetImportParameters requested are different than current active one (requested -> active):
  custom:container-demuxer-ogg: 62fdf1f143b41e24485cea50d1cbac27 -> 
  custom:video-decoder-ogg-theora: a1e56fd34408186e4bbccfd4996cb3dc -> 
  custom:framework-win-MediaFoundation: 216162199b28c13a410421893ffa2e32 -> 
  custom:CustomObjectIndexerAttribute: 756ad292c208cfabdd7b50bc23989ffe -> 
  custom:container-demuxer-webm: 4f35f7cbe854078d1ac9338744f61a02 -> 
  custom:container-muxer-webm: aa71ff27fc2769a1b78a27578f13a17b -> 
  custom:video-decoder-webm-vp8: 9c59270c3fd7afecdb556c50c9e8de78 -> 
  custom:SearchIndexIgnoredProperties: e643bd26f0fe6173181afceb89e7c659 -> 
  custom:AudioImporter_EditorPlatform: d09bf68614088b80899f8185d706f6e7 -> 
  custom:video-encoder-webm-vp8: eb34c28f22e8b96e1ab97ce403110664 -> 
  custom:audio-decoder-ogg-vorbis: bf7c407c2cedff20999df2af8eb42d56 -> 
  custom:audio-encoder-webm-vorbis: bf7c407c2cedff20999df2af8eb42d56 -> 
========================================================================
Received Import Request.
  Time since last request: 21.100264 seconds.
  path: Assets/Sourse/Level/Fishing Zone/Prefabs/Fishing Zone.prefab
  artifactKey: Guid(b626912b315ed4949a6756e0e28aacc1) Importer(815301076,1909f56bfc062723c751e8b465ee728b)
Start importing Assets/Sourse/Level/Fishing Zone/Prefabs/Fishing Zone.prefab using Guid(b626912b315ed4949a6756e0e28aacc1) Importer(815301076,1909f56bfc062723c751e8b465ee728b)  -> (artifact id: '09c2830984884191aa314e7c39adde28') in 0.148125 seconds
Number of updated asset objects reloaded before import = 0
Number of asset objects unloaded after import = 175
========================================================================
Received Import Request.
  Time since last request: 22.377217 seconds.
  path: Assets/Sourse/Level/Fishing Zone/Prefabs/Fishing Zone.prefab
  artifactKey: Guid(b626912b315ed4949a6756e0e28aacc1) Importer(815301076,1909f56bfc062723c751e8b465ee728b)
Start importing Assets/Sourse/Level/Fishing Zone/Prefabs/Fishing Zone.prefab using Guid(b626912b315ed4949a6756e0e28aacc1) Importer(815301076,1909f56bfc062723c751e8b465ee728b)  -> (artifact id: 'a31696f32dfdf5f8baa622e5e57d2de2') in 0.057614 seconds
Number of updated asset objects reloaded before import = 0
Number of asset objects unloaded after import = 175
========================================================================
Received Import Request.
  Time since last request: 1.341562 seconds.
  path: Assets/Sourse/Level/Fishing Zone/Prefabs/Fishing Zone.prefab
  artifactKey: Guid(b626912b315ed4949a6756e0e28aacc1) Importer(815301076,1909f56bfc062723c751e8b465ee728b)
Start importing Assets/Sourse/Level/Fishing Zone/Prefabs/Fishing Zone.prefab using Guid(b626912b315ed4949a6756e0e28aacc1) Importer(815301076,1909f56bfc062723c751e8b465ee728b)  -> (artifact id: '7585bedfad87d7a66537f10a929faadd') in 0.057409 seconds
Number of updated asset objects reloaded before import = 0
Number of asset objects unloaded after import = 177
========================================================================
Received Import Request.
  Time since last request: 2.374633 seconds.
  path: Assets/Sourse/Level/Fishing Zone/Prefabs/Fishing Zone.prefab
  artifactKey: Guid(b626912b315ed4949a6756e0e28aacc1) Importer(815301076,1909f56bfc062723c751e8b465ee728b)
Start importing Assets/Sourse/Level/Fishing Zone/Prefabs/Fishing Zone.prefab using Guid(b626912b315ed4949a6756e0e28aacc1) Importer(815301076,1909f56bfc062723c751e8b465ee728b)  -> (artifact id: 'eff85fa627a153be865e9154b7a2fad0') in 0.058049 seconds
Number of updated asset objects reloaded before import = 0
Number of asset objects unloaded after import = 179
========================================================================
Received Import Request.
  Time since last request: 5.169940 seconds.
  path: Assets/Sourse/Level/Fishing Zone/Prefabs/Fishing Zone.prefab
  artifactKey: Guid(b626912b315ed4949a6756e0e28aacc1) Importer(815301076,1909f56bfc062723c751e8b465ee728b)
Start importing Assets/Sourse/Level/Fishing Zone/Prefabs/Fishing Zone.prefab using Guid(b626912b315ed4949a6756e0e28aacc1) Importer(815301076,1909f56bfc062723c751e8b465ee728b)  -> (artifact id: '0404504695e721f4af4190536c9ce7d5') in 0.066116 seconds
Number of updated asset objects reloaded before import = 0
Number of asset objects unloaded after import = 179
========================================================================
Received Import Request.
  Time since last request: 28.384176 seconds.
  path: Assets/Sourse/Level/Fishing Zone/Prefabs/Fishing Zone.prefab
  artifactKey: Guid(b626912b315ed4949a6756e0e28aacc1) Importer(815301076,1909f56bfc062723c751e8b465ee728b)
Start importing Assets/Sourse/Level/Fishing Zone/Prefabs/Fishing Zone.prefab using Guid(b626912b315ed4949a6756e0e28aacc1) Importer(815301076,1909f56bfc062723c751e8b465ee728b)  -> (artifact id: '25a5ad0d9aacb7fa9df185c51bd80868') in 0.056729 seconds
Number of updated asset objects reloaded before import = 0
Number of asset objects unloaded after import = 179
========================================================================
Received Import Request.
  Time since last request: 16.908696 seconds.
  path: Assets/Sourse/Level/Fishing Zone/Prefabs/Fishing Zone.prefab
  artifactKey: Guid(b626912b315ed4949a6756e0e28aacc1) Importer(815301076,1909f56bfc062723c751e8b465ee728b)
Start importing Assets/Sourse/Level/Fishing Zone/Prefabs/Fishing Zone.prefab using Guid(b626912b315ed4949a6756e0e28aacc1) Importer(815301076,1909f56bfc062723c751e8b465ee728b)  -> (artifact id: 'eb5a664c2f08e5206f003d6f0ec0cdae') in 0.056262 seconds
Number of updated asset objects reloaded before import = 0
Number of asset objects unloaded after import = 181
========================================================================
Received Import Request.
  Time since last request: 0.550069 seconds.
  path: Assets/Sourse/Level/Fishing Zone/Prefabs/Fishing Zone.prefab
  artifactKey: Guid(b626912b315ed4949a6756e0e28aacc1) Importer(815301076,1909f56bfc062723c751e8b465ee728b)
Start importing Assets/Sourse/Level/Fishing Zone/Prefabs/Fishing Zone.prefab using Guid(b626912b315ed4949a6756e0e28aacc1) Importer(815301076,1909f56bfc062723c751e8b465ee728b)  -> (artifact id: 'ab2913f2ce1f374de407f80387f2b500') in 0.058298 seconds
Number of updated asset objects reloaded before import = 0
Number of asset objects unloaded after import = 183
========================================================================
Received Import Request.
  Time since last request: 11.749434 seconds.
  path: Assets/Sourse/Level/Fishing Zone/Prefabs/Fishing Zone.prefab
  artifactKey: Guid(b626912b315ed4949a6756e0e28aacc1) Importer(815301076,1909f56bfc062723c751e8b465ee728b)
Start importing Assets/Sourse/Level/Fishing Zone/Prefabs/Fishing Zone.prefab using Guid(b626912b315ed4949a6756e0e28aacc1) Importer(815301076,1909f56bfc062723c751e8b465ee728b)  -> (artifact id: '535a5e20adb9b76537ed54f5f5268b9c') in 0.057183 seconds
Number of updated asset objects reloaded before import = 0
Number of asset objects unloaded after import = 183
========================================================================
Received Import Request.
  Time since last request: 6.194060 seconds.
  path: Assets/Sourse/Level/Fishing Zone/Prefabs/Fishing Zone.prefab
  artifactKey: Guid(b626912b315ed4949a6756e0e28aacc1) Importer(815301076,1909f56bfc062723c751e8b465ee728b)
Start importing Assets/Sourse/Level/Fishing Zone/Prefabs/Fishing Zone.prefab using Guid(b626912b315ed4949a6756e0e28aacc1) Importer(815301076,1909f56bfc062723c751e8b465ee728b)  -> (artifact id: 'e53060902cc82d5b788ea9bb38191853') in 0.065644 seconds
Number of updated asset objects reloaded before import = 0
Number of asset objects unloaded after import = 183
========================================================================
Received Import Request.
  Time since last request: 4.162189 seconds.
  path: Assets/Sourse/Level/Fishing Zone/Prefabs/Fishing Zone.prefab
  artifactKey: Guid(b626912b315ed4949a6756e0e28aacc1) Importer(815301076,1909f56bfc062723c751e8b465ee728b)
Start importing Assets/Sourse/Level/Fishing Zone/Prefabs/Fishing Zone.prefab using Guid(b626912b315ed4949a6756e0e28aacc1) Importer(815301076,1909f56bfc062723c751e8b465ee728b)  -> (artifact id: '636530ebd3d02e8f0eae81cd9135de40') in 0.055983 seconds
Number of updated asset objects reloaded before import = 0
Number of asset objects unloaded after import = 183
========================================================================
Received Import Request.
  Time since last request: 1.810720 seconds.
  path: Assets/Sourse/Level/Fishing Zone/Prefabs/Fishing Zone.prefab
  artifactKey: Guid(b626912b315ed4949a6756e0e28aacc1) Importer(815301076,1909f56bfc062723c751e8b465ee728b)
Start importing Assets/Sourse/Level/Fishing Zone/Prefabs/Fishing Zone.prefab using Guid(b626912b315ed4949a6756e0e28aacc1) Importer(815301076,1909f56bfc062723c751e8b465ee728b)  -> (artifact id: '626a70e3786a08edd9baa55041a852e9') in 0.056258 seconds
Number of updated asset objects reloaded before import = 0
Number of asset objects unloaded after import = 183
========================================================================
Received Import Request.
  Time since last request: 1.358878 seconds.
  path: Assets/Sourse/Level/Fishing Zone/Prefabs/Fishing Zone.prefab
  artifactKey: Guid(b626912b315ed4949a6756e0e28aacc1) Importer(815301076,1909f56bfc062723c751e8b465ee728b)
Start importing Assets/Sourse/Level/Fishing Zone/Prefabs/Fishing Zone.prefab using Guid(b626912b315ed4949a6756e0e28aacc1) Importer(815301076,1909f56bfc062723c751e8b465ee728b)  -> (artifact id: 'b7224f3d8cd1781bce09defda0928120') in 0.059980 seconds
Number of updated asset objects reloaded before import = 0
Number of asset objects unloaded after import = 183
========================================================================
Received Import Request.
  Time since last request: 24.362680 seconds.
  path: Assets/Sourse/Level/Fishing Zone/Prefabs/Fishing Zone.prefab
  artifactKey: Guid(b626912b315ed4949a6756e0e28aacc1) Importer(815301076,1909f56bfc062723c751e8b465ee728b)
Start importing Assets/Sourse/Level/Fishing Zone/Prefabs/Fishing Zone.prefab using Guid(b626912b315ed4949a6756e0e28aacc1) Importer(815301076,1909f56bfc062723c751e8b465ee728b)  -> (artifact id: '8c57cfbf0fc3573994cea5eea4c08999') in 0.055327 seconds
Number of updated asset objects reloaded before import = 0
Number of asset objects unloaded after import = 183
========================================================================
Received Import Request.
  Time since last request: 2.990881 seconds.
  path: Assets/Sourse/Fish/Prefabs/Fish.prefab
  artifactKey: Guid(b925b30854851464ba977611d5d424ad) Importer(815301076,1909f56bfc062723c751e8b465ee728b)
Start importing Assets/Sourse/Fish/Prefabs/Fish.prefab using Guid(b925b30854851464ba977611d5d424ad) Importer(815301076,1909f56bfc062723c751e8b465ee728b)  -> (artifact id: 'a72263fb264909fe531971a8769438fb') in 0.041569 seconds
Number of updated asset objects reloaded before import = 0
Number of asset objects unloaded after import = 34
========================================================================
Received Import Request.
  Time since last request: 0.000016 seconds.
  path: Assets/Sourse/Fish/Prefabs/Fish1.prefab
  artifactKey: Guid(0ae11ea9408312d41a6cb8e49617b8d0) Importer(815301076,1909f56bfc062723c751e8b465ee728b)
Start importing Assets/Sourse/Fish/Prefabs/Fish1.prefab using Guid(0ae11ea9408312d41a6cb8e49617b8d0) Importer(815301076,1909f56bfc062723c751e8b465ee728b)  -> (artifact id: '75ff967da18c02d78f448a107383873f') in 0.117219 seconds
Internal: There are remaining Allocations on the JobTempAlloc. This is a leak, and will impact performance
To Debug, run app with -diag-job-temp-memory-leak-validation cmd line argument. This will output the callstacks of the leaked allocations.
Number of updated asset objects reloaded before import = 0
Number of asset objects unloaded after import = 61
========================================================================
Received Import Request.
  Time since last request: 0.000016 seconds.
  path: Assets/Sourse/Fish/Prefabs/Fish3.prefab
  artifactKey: Guid(782ca720f2dc2774c9f798cc4ed10221) Importer(815301076,1909f56bfc062723c751e8b465ee728b)
Start importing Assets/Sourse/Fish/Prefabs/Fish3.prefab using Guid(782ca720f2dc2774c9f798cc4ed10221) Importer(815301076,1909f56bfc062723c751e8b465ee728b)  -> (artifact id: '3274bd522262009da68916dac4a0a9a1') in 0.052260 seconds
Internal: There are remaining Allocations on the JobTempAlloc. This is a leak, and will impact performance
To Debug, run app with -diag-job-temp-memory-leak-validation cmd line argument. This will output the callstacks of the leaked allocations.
Number of updated asset objects reloaded before import = 0
Number of asset objects unloaded after import = 61
========================================================================
Received Prepare
Begin MonoManager ReloadAssembly
Symbol file LoadedFromMemory doesn't match image D:\1 Work\Torture\HOOK-AND-FISH\HookAndFish\Library\PackageCache\com.unity.visualscripting@1.8.0\Editor\VisualScripting.Core\Dependencies\YamlDotNet\Unity.VisualScripting.YamlDotNet.dll
Symbol file LoadedFromMemory doesn't match image D:\1 Work\Torture\HOOK-AND-FISH\HookAndFish\Library\PackageCache\com.unity.visualscripting@1.8.0\Editor\VisualScripting.Core\Dependencies\DotNetZip\Unity.VisualScripting.IonicZip.dll
- Loaded All Assemblies, in  0.854 seconds
Refreshing native plugins compatible for Editor in 13.72 ms, found 3 plugins.
Native extension for WindowsStandalone target not found
Native extension for Android target not found
Native extension for WebGL target not found
[Package Manager] Server::EnsureServerProcessIsRunning -- launch failed, reason: Unity was launched with the -noUpm command-line argument
[Package Manager] UpmClient::Send -- Unable to send message (not connected to UPM process).
[Package Manager] Cannot connect to Unity Package Manager local server
Mono: successfully reloaded assembly
- Finished resetting the current domain, in  1.967 seconds
Domain Reload Profiling: 2809ms
	BeginReloadAssembly (222ms)
		ExecutionOrderSort (0ms)
		DisableScriptedObjects (5ms)
		BackupInstance (0ms)
		ReleaseScriptingObjects (0ms)
		CreateAndSetChildDomain (38ms)
	RebuildCommonClasses (40ms)
	RebuildNativeTypeToScriptingClass (14ms)
	initialDomainReloadingComplete (51ms)
	LoadAllAssembliesAndSetupDomain (515ms)
		LoadAssemblies (633ms)
		RebuildTransferFunctionScriptingTraits (0ms)
		AnalyzeDomain (17ms)
			TypeCache.Refresh (7ms)
				TypeCache.ScanAssembly (0ms)
			ScanForSourceGeneratedMonoScriptInfo (0ms)
			ResolveRequiredComponents (9ms)
	FinalizeReload (1968ms)
		ReleaseScriptCaches (0ms)
		RebuildScriptCaches (0ms)
		SetupLoadedEditorAssemblies (723ms)
			LogAssemblyErrors (0ms)
			InitializePlatformSupportModulesInManaged (64ms)
			SetLoadedEditorAssemblies (5ms)
			RefreshPlugins (0ms)
			BeforeProcessingInitializeOnLoad (146ms)
			ProcessInitializeOnLoadAttributes (447ms)
			ProcessInitializeOnLoadMethodAttributes (28ms)
			AfterProcessingInitializeOnLoad (33ms)
			EditorAssembliesLoaded (0ms)
		ExecutionOrderSort2 (0ms)
		AwakeInstancesAfterBackupRestoration (10ms)
Refreshing native plugins compatible for Editor in 14.00 ms, found 3 plugins.
Preloading 0 native plugins for Editor in 0.00 ms.
Unloading 3584 Unused Serialized files (Serialized files now loaded: 0)
Unloading 26 unused Assets / (32.4 KB). Loaded Objects now: 4113.
Memory consumption went from 145.7 MB to 145.6 MB.
Total: 4.194200 ms (FindLiveObjects: 0.273800 ms CreateObjectMapping: 0.272700 ms MarkObjects: 3.598400 ms  DeleteObjects: 0.048300 ms)

Prepare: number of updated asset objects reloaded= 0
AssetImportParameters requested are different than current active one (requested -> active):
  custom:container-demuxer-ogg: 62fdf1f143b41e24485cea50d1cbac27 -> 
  custom:video-decoder-ogg-theora: a1e56fd34408186e4bbccfd4996cb3dc -> 
  custom:framework-win-MediaFoundation: 216162199b28c13a410421893ffa2e32 -> 
  custom:CustomObjectIndexerAttribute: 756ad292c208cfabdd7b50bc23989ffe -> 
  custom:container-demuxer-webm: 4f35f7cbe854078d1ac9338744f61a02 -> 
  custom:container-muxer-webm: aa71ff27fc2769a1b78a27578f13a17b -> 
  custom:video-decoder-webm-vp8: 9c59270c3fd7afecdb556c50c9e8de78 -> 
  custom:SearchIndexIgnoredProperties: e643bd26f0fe6173181afceb89e7c659 -> 
  custom:AudioImporter_EditorPlatform: d09bf68614088b80899f8185d706f6e7 -> 
  custom:video-encoder-webm-vp8: eb34c28f22e8b96e1ab97ce403110664 -> 
  custom:audio-decoder-ogg-vorbis: bf7c407c2cedff20999df2af8eb42d56 -> 
  custom:audio-encoder-webm-vorbis: bf7c407c2cedff20999df2af8eb42d56 -> 
========================================================================
Received Import Request.
  Time since last request: 101.526906 seconds.
  path: Assets/Sourse/Level/Fish Spawner/Prefabs/Fish Spawner.prefab
  artifactKey: Guid(022a8f86bf111fb4189de5f83bad9071) Importer(815301076,1909f56bfc062723c751e8b465ee728b)
Start importing Assets/Sourse/Level/Fish Spawner/Prefabs/Fish Spawner.prefab using Guid(022a8f86bf111fb4189de5f83bad9071) Importer(815301076,1909f56bfc062723c751e8b465ee728b)  -> (artifact id: '3be6d1910cb212b10cc9f0ad71eaf7ee') in 0.089730 seconds
Number of updated asset objects reloaded before import = 0
Number of asset objects unloaded after import = 111
========================================================================
Received Import Request.
  Time since last request: 17.252176 seconds.
  path: Assets/Sourse/Level/Fishing Zone
  artifactKey: Guid(e9dd0a1e13925424b83c48c14a073d04) Importer(815301076,1909f56bfc062723c751e8b465ee728b)
Start importing Assets/Sourse/Level/Fishing Zone using Guid(e9dd0a1e13925424b83c48c14a073d04) Importer(815301076,1909f56bfc062723c751e8b465ee728b)  -> (artifact id: '256e3054e3072fc91f17e8cdbc40c60c') in 0.000758 seconds
Number of updated asset objects reloaded before import = 0
Number of asset objects unloaded after import = 0
========================================================================
Received Import Request.
  Time since last request: 0.826745 seconds.
  path: Assets/Sourse/Level/Fishing Zone/Prefabs
  artifactKey: Guid(436744a2b9b69bb4fa05174bcdeb7e8d) Importer(815301076,1909f56bfc062723c751e8b465ee728b)
Start importing Assets/Sourse/Level/Fishing Zone/Prefabs using Guid(436744a2b9b69bb4fa05174bcdeb7e8d) Importer(815301076,1909f56bfc062723c751e8b465ee728b)  -> (artifact id: 'ed1054b9f12a3a45d9f65356f6fcf3ea') in 0.000569 seconds
Number of updated asset objects reloaded before import = 0
Number of asset objects unloaded after import = 0
========================================================================
Received Import Request.
  Time since last request: 0.069714 seconds.
  path: Assets/Sourse/Level/Fishing Zone/Prefabs/Fishing Zone.prefab
  artifactKey: Guid(b626912b315ed4949a6756e0e28aacc1) Importer(815301076,1909f56bfc062723c751e8b465ee728b)
Start importing Assets/Sourse/Level/Fishing Zone/Prefabs/Fishing Zone.prefab using Guid(b626912b315ed4949a6756e0e28aacc1) Importer(815301076,1909f56bfc062723c751e8b465ee728b)  -> (artifact id: 'e46a9b7649c2d2e057c26811c8fa8c0a') in 0.100079 seconds
Number of updated asset objects reloaded before import = 0
Number of asset objects unloaded after import = 191
========================================================================
Received Import Request.
  Time since last request: 41.620029 seconds.
  path: Assets/Sourse/Level/Fishing Zone/Prefabs/Fishing Zone.prefab
  artifactKey: Guid(b626912b315ed4949a6756e0e28aacc1) Importer(815301076,1909f56bfc062723c751e8b465ee728b)
Start importing Assets/Sourse/Level/Fishing Zone/Prefabs/Fishing Zone.prefab using Guid(b626912b315ed4949a6756e0e28aacc1) Importer(815301076,1909f56bfc062723c751e8b465ee728b)  -> (artifact id: 'cbf9dbaccac82b0c90a34159bf02e4f9') in 0.057310 seconds
Number of updated asset objects reloaded before import = 0
Number of asset objects unloaded after import = 191
========================================================================
Received Import Request.
  Time since last request: 6.331326 seconds.
  path: Assets/Sourse/Level/Fishing Zone/Prefabs/Fishing Zone.prefab
  artifactKey: Guid(b626912b315ed4949a6756e0e28aacc1) Importer(815301076,1909f56bfc062723c751e8b465ee728b)
Start importing Assets/Sourse/Level/Fishing Zone/Prefabs/Fishing Zone.prefab using Guid(b626912b315ed4949a6756e0e28aacc1) Importer(815301076,1909f56bfc062723c751e8b465ee728b)  -> (artifact id: 'dfa004e44f580fe3b0e96696c25bb901') in 0.067516 seconds
Number of updated asset objects reloaded before import = 0
Number of asset objects unloaded after import = 191
========================================================================
Received Import Request.
  Time since last request: 5.363126 seconds.
  path: Assets/Sourse/Level/Fishing Zone/Prefabs/Fishing Zone.prefab
  artifactKey: Guid(b626912b315ed4949a6756e0e28aacc1) Importer(815301076,1909f56bfc062723c751e8b465ee728b)
Start importing Assets/Sourse/Level/Fishing Zone/Prefabs/Fishing Zone.prefab using Guid(b626912b315ed4949a6756e0e28aacc1) Importer(815301076,1909f56bfc062723c751e8b465ee728b)  -> (artifact id: '02dcc5b29d72985e9d0d7140bd69888a') in 0.056335 seconds
Number of updated asset objects reloaded before import = 0
Number of asset objects unloaded after import = 191
========================================================================
Received Import Request.
  Time since last request: 13.282940 seconds.
  path: Assets/Sourse/Level/Fishing Zone/Prefabs/Fishing Zone.prefab
  artifactKey: Guid(b626912b315ed4949a6756e0e28aacc1) Importer(815301076,1909f56bfc062723c751e8b465ee728b)
Start importing Assets/Sourse/Level/Fishing Zone/Prefabs/Fishing Zone.prefab using Guid(b626912b315ed4949a6756e0e28aacc1) Importer(815301076,1909f56bfc062723c751e8b465ee728b)  -> (artifact id: 'f14cb6add2449a0c87cce161ee7bf3b7') in 0.064051 seconds
Number of updated asset objects reloaded before import = 0
Number of asset objects unloaded after import = 191
========================================================================
Received Import Request.
  Time since last request: 71.549923 seconds.
  path: Assets/Sourse/Level/Fishing Zone/Prefabs/Fishing Zone.prefab
  artifactKey: Guid(b626912b315ed4949a6756e0e28aacc1) Importer(815301076,1909f56bfc062723c751e8b465ee728b)
Start importing Assets/Sourse/Level/Fishing Zone/Prefabs/Fishing Zone.prefab using Guid(b626912b315ed4949a6756e0e28aacc1) Importer(815301076,1909f56bfc062723c751e8b465ee728b)  -> (artifact id: '064648714584c2f03b092df9445a0fa2') in 0.064881 seconds
Number of updated asset objects reloaded before import = 0
Number of asset objects unloaded after import = 191
========================================================================
Received Import Request.
  Time since last request: 2.203742 seconds.
  path: Assets/Sourse/Level/Fishing Zone/Prefabs/Fishing Zone.prefab
  artifactKey: Guid(b626912b315ed4949a6756e0e28aacc1) Importer(815301076,1909f56bfc062723c751e8b465ee728b)
Start importing Assets/Sourse/Level/Fishing Zone/Prefabs/Fishing Zone.prefab using Guid(b626912b315ed4949a6756e0e28aacc1) Importer(815301076,1909f56bfc062723c751e8b465ee728b)  -> (artifact id: '530fae40058bec01109b1327a4be436b') in 0.064874 seconds
Number of updated asset objects reloaded before import = 0
Number of asset objects unloaded after import = 191
========================================================================
Received Prepare
Begin MonoManager ReloadAssembly
Symbol file LoadedFromMemory doesn't match image D:\1 Work\Torture\HOOK-AND-FISH\HookAndFish\Library\PackageCache\com.unity.visualscripting@1.8.0\Editor\VisualScripting.Core\Dependencies\YamlDotNet\Unity.VisualScripting.YamlDotNet.dll
Symbol file LoadedFromMemory doesn't match image D:\1 Work\Torture\HOOK-AND-FISH\HookAndFish\Library\PackageCache\com.unity.visualscripting@1.8.0\Editor\VisualScripting.Core\Dependencies\DotNetZip\Unity.VisualScripting.IonicZip.dll
- Loaded All Assemblies, in  0.880 seconds
Refreshing native plugins compatible for Editor in 16.25 ms, found 3 plugins.
Native extension for WindowsStandalone target not found
Native extension for Android target not found
Native extension for WebGL target not found
[Package Manager] Server::EnsureServerProcessIsRunning -- launch failed, reason: Unity was launched with the -noUpm command-line argument
[Package Manager] UpmClient::Send -- Unable to send message (not connected to UPM process).
[Package Manager] Cannot connect to Unity Package Manager local server
Mono: successfully reloaded assembly
- Finished resetting the current domain, in  2.011 seconds
Domain Reload Profiling: 2879ms
	BeginReloadAssembly (227ms)
		ExecutionOrderSort (0ms)
		DisableScriptedObjects (5ms)
		BackupInstance (0ms)
		ReleaseScriptingObjects (0ms)
		CreateAndSetChildDomain (37ms)
	RebuildCommonClasses (41ms)
	RebuildNativeTypeToScriptingClass (13ms)
	initialDomainReloadingComplete (56ms)
	LoadAllAssembliesAndSetupDomain (531ms)
		LoadAssemblies (652ms)
		RebuildTransferFunctionScriptingTraits (0ms)
		AnalyzeDomain (18ms)
			TypeCache.Refresh (7ms)
				TypeCache.ScanAssembly (0ms)
			ScanForSourceGeneratedMonoScriptInfo (0ms)
			ResolveRequiredComponents (10ms)
	FinalizeReload (2012ms)
		ReleaseScriptCaches (0ms)
		RebuildScriptCaches (0ms)
		SetupLoadedEditorAssemblies (738ms)
			LogAssemblyErrors (0ms)
			InitializePlatformSupportModulesInManaged (61ms)
			SetLoadedEditorAssemblies (5ms)
			RefreshPlugins (0ms)
			BeforeProcessingInitializeOnLoad (149ms)
			ProcessInitializeOnLoadAttributes (460ms)
			ProcessInitializeOnLoadMethodAttributes (30ms)
			AfterProcessingInitializeOnLoad (33ms)
			EditorAssembliesLoaded (0ms)
		ExecutionOrderSort2 (0ms)
		AwakeInstancesAfterBackupRestoration (11ms)
Refreshing native plugins compatible for Editor in 14.93 ms, found 3 plugins.
Preloading 0 native plugins for Editor in 0.00 ms.
Unloading 3584 Unused Serialized files (Serialized files now loaded: 0)
Unloading 26 unused Assets / (32.4 KB). Loaded Objects now: 4116.
Memory consumption went from 145.7 MB to 145.6 MB.
Total: 3.798600 ms (FindLiveObjects: 0.269200 ms CreateObjectMapping: 0.274500 ms MarkObjects: 3.203800 ms  DeleteObjects: 0.050100 ms)

Prepare: number of updated asset objects reloaded= 0
AssetImportParameters requested are different than current active one (requested -> active):
  custom:container-demuxer-ogg: 62fdf1f143b41e24485cea50d1cbac27 -> 
  custom:video-decoder-ogg-theora: a1e56fd34408186e4bbccfd4996cb3dc -> 
  custom:framework-win-MediaFoundation: 216162199b28c13a410421893ffa2e32 -> 
  custom:CustomObjectIndexerAttribute: 756ad292c208cfabdd7b50bc23989ffe -> 
  custom:container-demuxer-webm: 4f35f7cbe854078d1ac9338744f61a02 -> 
  custom:container-muxer-webm: aa71ff27fc2769a1b78a27578f13a17b -> 
  custom:video-decoder-webm-vp8: 9c59270c3fd7afecdb556c50c9e8de78 -> 
  custom:SearchIndexIgnoredProperties: e643bd26f0fe6173181afceb89e7c659 -> 
  custom:AudioImporter_EditorPlatform: d09bf68614088b80899f8185d706f6e7 -> 
  custom:video-encoder-webm-vp8: eb34c28f22e8b96e1ab97ce403110664 -> 
  custom:audio-decoder-ogg-vorbis: bf7c407c2cedff20999df2af8eb42d56 -> 
  custom:audio-encoder-webm-vorbis: bf7c407c2cedff20999df2af8eb42d56 -> 
========================================================================
Received Import Request.
  Time since last request: 47.431326 seconds.
  path: Assets/Sourse/Level/Fish Spawner/Prefabs/Fish Spawner.prefab
  artifactKey: Guid(022a8f86bf111fb4189de5f83bad9071) Importer(815301076,1909f56bfc062723c751e8b465ee728b)
Start importing Assets/Sourse/Level/Fish Spawner/Prefabs/Fish Spawner.prefab using Guid(022a8f86bf111fb4189de5f83bad9071) Importer(815301076,1909f56bfc062723c751e8b465ee728b)  -> (artifact id: '05328c07ab582acf950af07b4c447c33') in 0.080465 seconds
Number of updated asset objects reloaded before import = 0
Number of asset objects unloaded after import = 111
========================================================================
Received Import Request.
  Time since last request: 0.000016 seconds.
  path: Assets/Sourse/Fish/Models/fish1.fbx
  artifactKey: Guid(121595c0c965ae34e82c35be49016ca4) Importer(815301076,1909f56bfc062723c751e8b465ee728b)
Start importing Assets/Sourse/Fish/Models/fish1.fbx using Guid(121595c0c965ae34e82c35be49016ca4) Importer(815301076,1909f56bfc062723c751e8b465ee728b)  -> (artifact id: 'e232a61a0aff93051b08cd4529b31dfd') in 0.202160 seconds
Number of updated asset objects reloaded before import = 0
Number of asset objects unloaded after import = 36
========================================================================
Received Import Request.
  Time since last request: 0.000032 seconds.
  path: Assets/Epic Toon FX/Prefabs/Combat/Flamethrower/Soft/Additive/FlamethrowerAdditiveBlue.prefab
  artifactKey: Guid(ee6a114cec5abb24f89afa63f8f3d574) Importer(815301076,1909f56bfc062723c751e8b465ee728b)
Start importing Assets/Epic Toon FX/Prefabs/Combat/Flamethrower/Soft/Additive/FlamethrowerAdditiveBlue.prefab using Guid(ee6a114cec5abb24f89afa63f8f3d574) Importer(815301076,1909f56bfc062723c751e8b465ee728b)  -> (artifact id: '9e6d3ba63122b507ad44a089c195a8a5') in 0.260039 seconds
Number of updated asset objects reloaded before import = 0
Number of asset objects unloaded after import = 27
========================================================================
Received Import Request.
  Time since last request: 0.000022 seconds.
  path: Assets/Epic Toon FX/Prefabs/Combat/Flamethrower/Soft/Additive/FlamethrowerAdditiveGreen.prefab
  artifactKey: Guid(52cdf2ccc43c0904bba2008d7a9d4086) Importer(815301076,1909f56bfc062723c751e8b465ee728b)
Start importing Assets/Epic Toon FX/Prefabs/Combat/Flamethrower/Soft/Additive/FlamethrowerAdditiveGreen.prefab using Guid(52cdf2ccc43c0904bba2008d7a9d4086) Importer(815301076,1909f56bfc062723c751e8b465ee728b)  -> (artifact id: '9c9c94ae8107230d86b8053c75fadfa3') in 0.051891 seconds
Number of updated asset objects reloaded before import = 0
Number of asset objects unloaded after import = 27
========================================================================
Received Import Request.
  Time since last request: 0.000029 seconds.
  path: Assets/Sourse/Fish/Models/fish3.fbx
  artifactKey: Guid(e28445d4330f33a4e98192bc4b73cb11) Importer(815301076,1909f56bfc062723c751e8b465ee728b)
Start importing Assets/Sourse/Fish/Models/fish3.fbx using Guid(e28445d4330f33a4e98192bc4b73cb11) Importer(815301076,1909f56bfc062723c751e8b465ee728b)  -> (artifact id: '4014695ac7654c7884188934414692c0') in 0.045822 seconds
Number of updated asset objects reloaded before import = 0
Number of asset objects unloaded after import = 36
========================================================================
Received Import Request.
  Time since last request: 0.000015 seconds.
  path: Assets/Epic Toon FX/Prefabs/Combat/Flamethrower/Soft/Additive/FlamethrowerAdditivePurple.prefab
  artifactKey: Guid(1e14e551300320e4f97cc9c992b4af22) Importer(815301076,1909f56bfc062723c751e8b465ee728b)
Start importing Assets/Epic Toon FX/Prefabs/Combat/Flamethrower/Soft/Additive/FlamethrowerAdditivePurple.prefab using Guid(1e14e551300320e4f97cc9c992b4af22) Importer(815301076,1909f56bfc062723c751e8b465ee728b)  -> (artifact id: '53074a892c78c55188752e971fc18874') in 0.048949 seconds
Number of updated asset objects reloaded before import = 0
Number of asset objects unloaded after import = 27
========================================================================
Received Import Request.
  Time since last request: 25.406711 seconds.
  path: Assets/Sourse/Fish/Prefabs/Fish1.prefab
  artifactKey: Guid(0ae11ea9408312d41a6cb8e49617b8d0) Importer(815301076,1909f56bfc062723c751e8b465ee728b)
Start importing Assets/Sourse/Fish/Prefabs/Fish1.prefab using Guid(0ae11ea9408312d41a6cb8e49617b8d0) Importer(815301076,1909f56bfc062723c751e8b465ee728b)  -> (artifact id: 'd38d387d1579d0bded4e59eb3090a19a') in 0.059409 seconds
Internal: There are remaining Allocations on the JobTempAlloc. This is a leak, and will impact performance
To Debug, run app with -diag-job-temp-memory-leak-validation cmd line argument. This will output the callstacks of the leaked allocations.
Number of updated asset objects reloaded before import = 0
Number of asset objects unloaded after import = 61
========================================================================
Received Import Request.
  Time since last request: 2.055243 seconds.
  path: Assets/Sourse/Fish/Prefabs/Fish1.prefab
  artifactKey: Guid(0ae11ea9408312d41a6cb8e49617b8d0) Importer(815301076,1909f56bfc062723c751e8b465ee728b)
Start importing Assets/Sourse/Fish/Prefabs/Fish1.prefab using Guid(0ae11ea9408312d41a6cb8e49617b8d0) Importer(815301076,1909f56bfc062723c751e8b465ee728b)  -> (artifact id: '597ecfaaeda1709bf8520350356941c1') in 0.051274 seconds
Internal: There are remaining Allocations on the JobTempAlloc. This is a leak, and will impact performance
To Debug, run app with -diag-job-temp-memory-leak-validation cmd line argument. This will output the callstacks of the leaked allocations.
Number of updated asset objects reloaded before import = 0
Number of asset objects unloaded after import = 61
========================================================================
Received Import Request.
  Time since last request: 1.802218 seconds.
  path: Assets/Sourse/Fish/Prefabs/Fish1.prefab
  artifactKey: Guid(0ae11ea9408312d41a6cb8e49617b8d0) Importer(815301076,1909f56bfc062723c751e8b465ee728b)
Start importing Assets/Sourse/Fish/Prefabs/Fish1.prefab using Guid(0ae11ea9408312d41a6cb8e49617b8d0) Importer(815301076,1909f56bfc062723c751e8b465ee728b)  -> (artifact id: 'c8146bf2aaed7de1dbb336c8e081c3d6') in 0.051003 seconds
Internal: There are remaining Allocations on the JobTempAlloc. This is a leak, and will impact performance
To Debug, run app with -diag-job-temp-memory-leak-validation cmd line argument. This will output the callstacks of the leaked allocations.
Number of updated asset objects reloaded before import = 0
Number of asset objects unloaded after import = 61
========================================================================
Received Import Request.
  Time since last request: 4.441474 seconds.
  path: Assets/Sourse/Fish/Prefabs/Fish3.prefab
  artifactKey: Guid(782ca720f2dc2774c9f798cc4ed10221) Importer(815301076,1909f56bfc062723c751e8b465ee728b)
Start importing Assets/Sourse/Fish/Prefabs/Fish3.prefab using Guid(782ca720f2dc2774c9f798cc4ed10221) Importer(815301076,1909f56bfc062723c751e8b465ee728b)  -> (artifact id: '4827d3ef9246f0b24ad416cecf365abd') in 0.050821 seconds
Internal: There are remaining Allocations on the JobTempAlloc. This is a leak, and will impact performance
To Debug, run app with -diag-job-temp-memory-leak-validation cmd line argument. This will output the callstacks of the leaked allocations.
Number of updated asset objects reloaded before import = 0
Number of asset objects unloaded after import = 61
========================================================================
Received Import Request.
  Time since last request: 0.739202 seconds.
  path: Assets/Sourse/Fish/Prefabs/Fish3.prefab
  artifactKey: Guid(782ca720f2dc2774c9f798cc4ed10221) Importer(815301076,1909f56bfc062723c751e8b465ee728b)
Start importing Assets/Sourse/Fish/Prefabs/Fish3.prefab using Guid(782ca720f2dc2774c9f798cc4ed10221) Importer(815301076,1909f56bfc062723c751e8b465ee728b)  -> (artifact id: '2ff12590f0c2c1ca9e8c541a8fd60a2c') in 0.049997 seconds
Internal: There are remaining Allocations on the JobTempAlloc. This is a leak, and will impact performance
To Debug, run app with -diag-job-temp-memory-leak-validation cmd line argument. This will output the callstacks of the leaked allocations.
Number of updated asset objects reloaded before import = 0
Number of asset objects unloaded after import = 61
========================================================================
Received Import Request.
  Time since last request: 1.766588 seconds.
  path: Assets/Sourse/Fish/Prefabs/Fish3.prefab
  artifactKey: Guid(782ca720f2dc2774c9f798cc4ed10221) Importer(815301076,1909f56bfc062723c751e8b465ee728b)
Start importing Assets/Sourse/Fish/Prefabs/Fish3.prefab using Guid(782ca720f2dc2774c9f798cc4ed10221) Importer(815301076,1909f56bfc062723c751e8b465ee728b)  -> (artifact id: 'f91bbbf575c31f3cdc9c8cafec32741e') in 0.051005 seconds
Internal: There are remaining Allocations on the JobTempAlloc. This is a leak, and will impact performance
To Debug, run app with -diag-job-temp-memory-leak-validation cmd line argument. This will output the callstacks of the leaked allocations.
Number of updated asset objects reloaded before import = 0
Number of asset objects unloaded after import = 61
========================================================================
Received Prepare
Begin MonoManager ReloadAssembly
Internal: deleting an allocation that is older than its permitted lifetime of 4 frames (age = 5)
Internal: deleting an allocation that is older than its permitted lifetime of 4 frames (age = 5)
Internal: deleting an allocation that is older than its permitted lifetime of 4 frames (age = 6)
Internal: deleting an allocation that is older than its permitted lifetime of 4 frames (age = 6)
Symbol file LoadedFromMemory doesn't match image D:\1 Work\Torture\HOOK-AND-FISH\HookAndFish\Library\PackageCache\com.unity.visualscripting@1.8.0\Editor\VisualScripting.Core\Dependencies\YamlDotNet\Unity.VisualScripting.YamlDotNet.dll
Symbol file LoadedFromMemory doesn't match image D:\1 Work\Torture\HOOK-AND-FISH\HookAndFish\Library\PackageCache\com.unity.visualscripting@1.8.0\Editor\VisualScripting.Core\Dependencies\DotNetZip\Unity.VisualScripting.IonicZip.dll
- Loaded All Assemblies, in  0.931 seconds
Refreshing native plugins compatible for Editor in 14.21 ms, found 3 plugins.
Native extension for WindowsStandalone target not found
Native extension for Android target not found
Native extension for WebGL target not found
[Package Manager] Server::EnsureServerProcessIsRunning -- launch failed, reason: Unity was launched with the -noUpm command-line argument
[Package Manager] UpmClient::Send -- Unable to send message (not connected to UPM process).
[Package Manager] Cannot connect to Unity Package Manager local server
Mono: successfully reloaded assembly
- Finished resetting the current domain, in  2.020 seconds
Domain Reload Profiling: 2939ms
	BeginReloadAssembly (227ms)
		ExecutionOrderSort (0ms)
		DisableScriptedObjects (5ms)
		BackupInstance (0ms)
		ReleaseScriptingObjects (0ms)
		CreateAndSetChildDomain (37ms)
	RebuildCommonClasses (43ms)
	RebuildNativeTypeToScriptingClass (13ms)
	initialDomainReloadingComplete (49ms)
	LoadAllAssembliesAndSetupDomain (586ms)
		LoadAssemblies (700ms)
		RebuildTransferFunctionScriptingTraits (0ms)
		AnalyzeDomain (23ms)
			TypeCache.Refresh (12ms)
				TypeCache.ScanAssembly (0ms)
			ScanForSourceGeneratedMonoScriptInfo (0ms)
			ResolveRequiredComponents (9ms)
	FinalizeReload (2021ms)
		ReleaseScriptCaches (0ms)
		RebuildScriptCaches (0ms)
		SetupLoadedEditorAssemblies (739ms)
			LogAssemblyErrors (0ms)
			InitializePlatformSupportModulesInManaged (57ms)
			SetLoadedEditorAssemblies (3ms)
			RefreshPlugins (0ms)
			BeforeProcessingInitializeOnLoad (146ms)
			ProcessInitializeOnLoadAttributes (469ms)
			ProcessInitializeOnLoadMethodAttributes (30ms)
			AfterProcessingInitializeOnLoad (34ms)
			EditorAssembliesLoaded (0ms)
		ExecutionOrderSort2 (0ms)
		AwakeInstancesAfterBackupRestoration (10ms)
Refreshing native plugins compatible for Editor in 13.62 ms, found 3 plugins.
Preloading 0 native plugins for Editor in 0.00 ms.
Unloading 3584 Unused Serialized files (Serialized files now loaded: 0)
Unloading 26 unused Assets / (32.3 KB). Loaded Objects now: 4156.
Memory consumption went from 146.2 MB to 146.2 MB.
Total: 4.746300 ms (FindLiveObjects: 0.283400 ms CreateObjectMapping: 0.677500 ms MarkObjects: 3.727100 ms  DeleteObjects: 0.057000 ms)

Prepare: number of updated asset objects reloaded= 0
AssetImportParameters requested are different than current active one (requested -> active):
  custom:container-demuxer-ogg: 62fdf1f143b41e24485cea50d1cbac27 -> 
  custom:video-decoder-ogg-theora: a1e56fd34408186e4bbccfd4996cb3dc -> 
  custom:framework-win-MediaFoundation: 216162199b28c13a410421893ffa2e32 -> 
  custom:CustomObjectIndexerAttribute: 756ad292c208cfabdd7b50bc23989ffe -> 
  custom:container-demuxer-webm: 4f35f7cbe854078d1ac9338744f61a02 -> 
  custom:container-muxer-webm: aa71ff27fc2769a1b78a27578f13a17b -> 
  custom:video-decoder-webm-vp8: 9c59270c3fd7afecdb556c50c9e8de78 -> 
  custom:SearchIndexIgnoredProperties: e643bd26f0fe6173181afceb89e7c659 -> 
  custom:AudioImporter_EditorPlatform: d09bf68614088b80899f8185d706f6e7 -> 
  custom:video-encoder-webm-vp8: eb34c28f22e8b96e1ab97ce403110664 -> 
  custom:audio-decoder-ogg-vorbis: bf7c407c2cedff20999df2af8eb42d56 -> 
  custom:audio-encoder-webm-vorbis: bf7c407c2cedff20999df2af8eb42d56 -> 
========================================================================
Received Import Request.
  Time since last request: 127.788331 seconds.
  path: Assets/Sourse/Fish/Prefabs/Fish1.prefab
  artifactKey: Guid(0ae11ea9408312d41a6cb8e49617b8d0) Importer(815301076,1909f56bfc062723c751e8b465ee728b)
Start importing Assets/Sourse/Fish/Prefabs/Fish1.prefab using Guid(0ae11ea9408312d41a6cb8e49617b8d0) Importer(815301076,1909f56bfc062723c751e8b465ee728b)  -> (artifact id: '3916f444e3fa367207a5dc437952c078') in 0.168494 seconds
Internal: There are remaining Allocations on the JobTempAlloc. This is a leak, and will impact performance
To Debug, run app with -diag-job-temp-memory-leak-validation cmd line argument. This will output the callstacks of the leaked allocations.
Number of updated asset objects reloaded before import = 0
Number of asset objects unloaded after import = 61
========================================================================
Received Import Request.
  Time since last request: 1.188556 seconds.
  path: Assets/Sourse/Fish/Prefabs/Fish1.prefab
  artifactKey: Guid(0ae11ea9408312d41a6cb8e49617b8d0) Importer(815301076,1909f56bfc062723c751e8b465ee728b)
Start importing Assets/Sourse/Fish/Prefabs/Fish1.prefab using Guid(0ae11ea9408312d41a6cb8e49617b8d0) Importer(815301076,1909f56bfc062723c751e8b465ee728b)  -> (artifact id: '70ca85038ca4f75c6c23e4f3b3a7d760') in 0.048754 seconds
Internal: There are remaining Allocations on the JobTempAlloc. This is a leak, and will impact performance
To Debug, run app with -diag-job-temp-memory-leak-validation cmd line argument. This will output the callstacks of the leaked allocations.
Number of updated asset objects reloaded before import = 0
Number of asset objects unloaded after import = 61
========================================================================
Received Import Request.
  Time since last request: 1.455470 seconds.
  path: Assets/Sourse/Fish/Prefabs/Fish1.prefab
  artifactKey: Guid(0ae11ea9408312d41a6cb8e49617b8d0) Importer(815301076,1909f56bfc062723c751e8b465ee728b)
Start importing Assets/Sourse/Fish/Prefabs/Fish1.prefab using Guid(0ae11ea9408312d41a6cb8e49617b8d0) Importer(815301076,1909f56bfc062723c751e8b465ee728b)  -> (artifact id: '40d57567142a648c9d5254584d332dd9') in 0.045439 seconds
Internal: There are remaining Allocations on the JobTempAlloc. This is a leak, and will impact performance
To Debug, run app with -diag-job-temp-memory-leak-validation cmd line argument. This will output the callstacks of the leaked allocations.
Number of updated asset objects reloaded before import = 0
Number of asset objects unloaded after import = 61
========================================================================
Received Import Request.
  Time since last request: 1.671314 seconds.
  path: Assets/Sourse/Fish/Prefabs/Fish3.prefab
  artifactKey: Guid(782ca720f2dc2774c9f798cc4ed10221) Importer(815301076,1909f56bfc062723c751e8b465ee728b)
Start importing Assets/Sourse/Fish/Prefabs/Fish3.prefab using Guid(782ca720f2dc2774c9f798cc4ed10221) Importer(815301076,1909f56bfc062723c751e8b465ee728b)  -> (artifact id: 'e6d9cf1f5c69eeb0d3dca2041af4f1fc') in 0.049646 seconds
Internal: There are remaining Allocations on the JobTempAlloc. This is a leak, and will impact performance
To Debug, run app with -diag-job-temp-memory-leak-validation cmd line argument. This will output the callstacks of the leaked allocations.
Number of updated asset objects reloaded before import = 0
Number of asset objects unloaded after import = 61
========================================================================
Received Import Request.
  Time since last request: 0.557086 seconds.
  path: Assets/Sourse/Fish/Prefabs/Fish3.prefab
  artifactKey: Guid(782ca720f2dc2774c9f798cc4ed10221) Importer(815301076,1909f56bfc062723c751e8b465ee728b)
Start importing Assets/Sourse/Fish/Prefabs/Fish3.prefab using Guid(782ca720f2dc2774c9f798cc4ed10221) Importer(815301076,1909f56bfc062723c751e8b465ee728b)  -> (artifact id: '7b152e486fb17d870b0494806fe990a0') in 0.048413 seconds
Internal: JobTempAlloc has allocations that are more than the maximum lifespan of 4 frames old - this is not allowed and likely a leak
To Debug, run app with -diag-job-temp-memory-leak-validation cmd line argument. This will output the callstacks of the leaked allocations.
Internal: There are remaining Allocations on the JobTempAlloc. This is a leak, and will impact performance
To Debug, run app with -diag-job-temp-memory-leak-validation cmd line argument. This will output the callstacks of the leaked allocations.
Number of updated asset objects reloaded before import = 0
Number of asset objects unloaded after import = 61
========================================================================
Received Import Request.
  Time since last request: 2.771493 seconds.
  path: Assets/Sourse/Fish/Prefabs/Fish3.prefab
  artifactKey: Guid(782ca720f2dc2774c9f798cc4ed10221) Importer(815301076,1909f56bfc062723c751e8b465ee728b)
Start importing Assets/Sourse/Fish/Prefabs/Fish3.prefab using Guid(782ca720f2dc2774c9f798cc4ed10221) Importer(815301076,1909f56bfc062723c751e8b465ee728b)  -> (artifact id: '84e3260f5547bb4ddb21ad9bf93ad335') in 0.050608 seconds
Internal: There are remaining Allocations on the JobTempAlloc. This is a leak, and will impact performance
To Debug, run app with -diag-job-temp-memory-leak-validation cmd line argument. This will output the callstacks of the leaked allocations.
Number of updated asset objects reloaded before import = 0
Number of asset objects unloaded after import = 61
========================================================================
Received Prepare
Begin MonoManager ReloadAssembly
Internal: deleting an allocation that is older than its permitted lifetime of 4 frames (age = 5)
Internal: deleting an allocation that is older than its permitted lifetime of 4 frames (age = 5)
Internal: deleting an allocation that is older than its permitted lifetime of 4 frames (age = 6)
Internal: deleting an allocation that is older than its permitted lifetime of 4 frames (age = 6)
Symbol file LoadedFromMemory doesn't match image D:\1 Work\Torture\HOOK-AND-FISH\HookAndFish\Library\PackageCache\com.unity.visualscripting@1.8.0\Editor\VisualScripting.Core\Dependencies\YamlDotNet\Unity.VisualScripting.YamlDotNet.dll
Symbol file LoadedFromMemory doesn't match image D:\1 Work\Torture\HOOK-AND-FISH\HookAndFish\Library\PackageCache\com.unity.visualscripting@1.8.0\Editor\VisualScripting.Core\Dependencies\DotNetZip\Unity.VisualScripting.IonicZip.dll
- Loaded All Assemblies, in  0.798 seconds
Refreshing native plugins compatible for Editor in 16.14 ms, found 3 plugins.
Native extension for WindowsStandalone target not found
Native extension for Android target not found
Native extension for WebGL target not found
[Package Manager] Server::EnsureServerProcessIsRunning -- launch failed, reason: Unity was launched with the -noUpm command-line argument
[Package Manager] UpmClient::Send -- Unable to send message (not connected to UPM process).
[Package Manager] Cannot connect to Unity Package Manager local server
Mono: successfully reloaded assembly
- Finished resetting the current domain, in  1.931 seconds
Domain Reload Profiling: 2715ms
	BeginReloadAssembly (221ms)
		ExecutionOrderSort (0ms)
		DisableScriptedObjects (5ms)
		BackupInstance (0ms)
		ReleaseScriptingObjects (0ms)
		CreateAndSetChildDomain (37ms)
	RebuildCommonClasses (40ms)
	RebuildNativeTypeToScriptingClass (13ms)
	initialDomainReloadingComplete (52ms)
	LoadAllAssembliesAndSetupDomain (458ms)
		LoadAssemblies (574ms)
		RebuildTransferFunctionScriptingTraits (0ms)
		AnalyzeDomain (17ms)
			TypeCache.Refresh (7ms)
				TypeCache.ScanAssembly (0ms)
			ScanForSourceGeneratedMonoScriptInfo (0ms)
			ResolveRequiredComponents (8ms)
	FinalizeReload (1931ms)
		ReleaseScriptCaches (0ms)
		RebuildScriptCaches (0ms)
		SetupLoadedEditorAssemblies (712ms)
			LogAssemblyErrors (0ms)
			InitializePlatformSupportModulesInManaged (56ms)
			SetLoadedEditorAssemblies (5ms)
			RefreshPlugins (0ms)
			BeforeProcessingInitializeOnLoad (142ms)
			ProcessInitializeOnLoadAttributes (450ms)
			ProcessInitializeOnLoadMethodAttributes (25ms)
			AfterProcessingInitializeOnLoad (34ms)
			EditorAssembliesLoaded (0ms)
		ExecutionOrderSort2 (0ms)
		AwakeInstancesAfterBackupRestoration (11ms)
Refreshing native plugins compatible for Editor in 14.59 ms, found 3 plugins.
Preloading 0 native plugins for Editor in 0.00 ms.
Unloading 3584 Unused Serialized files (Serialized files now loaded: 0)
Unloading 26 unused Assets / (32.3 KB). Loaded Objects now: 4159.
Memory consumption went from 146.3 MB to 146.2 MB.
Total: 4.212200 ms (FindLiveObjects: 0.356600 ms CreateObjectMapping: 0.363700 ms MarkObjects: 3.442800 ms  DeleteObjects: 0.048400 ms)

Prepare: number of updated asset objects reloaded= 0
AssetImportParameters requested are different than current active one (requested -> active):
  custom:container-demuxer-ogg: 62fdf1f143b41e24485cea50d1cbac27 -> 
  custom:video-decoder-ogg-theora: a1e56fd34408186e4bbccfd4996cb3dc -> 
  custom:framework-win-MediaFoundation: 216162199b28c13a410421893ffa2e32 -> 
  custom:CustomObjectIndexerAttribute: 756ad292c208cfabdd7b50bc23989ffe -> 
  custom:container-demuxer-webm: 4f35f7cbe854078d1ac9338744f61a02 -> 
  custom:container-muxer-webm: aa71ff27fc2769a1b78a27578f13a17b -> 
  custom:video-decoder-webm-vp8: 9c59270c3fd7afecdb556c50c9e8de78 -> 
  custom:SearchIndexIgnoredProperties: e643bd26f0fe6173181afceb89e7c659 -> 
  custom:AudioImporter_EditorPlatform: d09bf68614088b80899f8185d706f6e7 -> 
  custom:video-encoder-webm-vp8: eb34c28f22e8b96e1ab97ce403110664 -> 
  custom:audio-decoder-ogg-vorbis: bf7c407c2cedff20999df2af8eb42d56 -> 
  custom:audio-encoder-webm-vorbis: bf7c407c2cedff20999df2af8eb42d56 -> 
========================================================================
Received Import Request.
  Time since last request: 57.903857 seconds.
  path: Assets/Sourse/Fish/Prefabs/Fish1.prefab
  artifactKey: Guid(0ae11ea9408312d41a6cb8e49617b8d0) Importer(815301076,1909f56bfc062723c751e8b465ee728b)
Start importing Assets/Sourse/Fish/Prefabs/Fish1.prefab using Guid(0ae11ea9408312d41a6cb8e49617b8d0) Importer(815301076,1909f56bfc062723c751e8b465ee728b)  -> (artifact id: '33fee0a37fc324a4558025f4409d9f55') in 0.181187 seconds
Internal: There are remaining Allocations on the JobTempAlloc. This is a leak, and will impact performance
To Debug, run app with -diag-job-temp-memory-leak-validation cmd line argument. This will output the callstacks of the leaked allocations.
Number of updated asset objects reloaded before import = 0
Number of asset objects unloaded after import = 61
========================================================================
Received Import Request.
  Time since last request: 11.287364 seconds.
  path: Assets/Sourse/Fish/Prefabs/Fish1.prefab
  artifactKey: Guid(0ae11ea9408312d41a6cb8e49617b8d0) Importer(815301076,1909f56bfc062723c751e8b465ee728b)
Start importing Assets/Sourse/Fish/Prefabs/Fish1.prefab using Guid(0ae11ea9408312d41a6cb8e49617b8d0) Importer(815301076,1909f56bfc062723c751e8b465ee728b)  -> (artifact id: '461310de2beceaefeaa25ad5b5ded1da') in 0.059141 seconds
Internal: There are remaining Allocations on the JobTempAlloc. This is a leak, and will impact performance
To Debug, run app with -diag-job-temp-memory-leak-validation cmd line argument. This will output the callstacks of the leaked allocations.
Number of updated asset objects reloaded before import = 0
Number of asset objects unloaded after import = 61
========================================================================
Received Import Request.
  Time since last request: 12.063120 seconds.
  path: Assets/Sourse/Fish/Prefabs/Fish3.prefab
  artifactKey: Guid(782ca720f2dc2774c9f798cc4ed10221) Importer(815301076,1909f56bfc062723c751e8b465ee728b)
Start importing Assets/Sourse/Fish/Prefabs/Fish3.prefab using Guid(782ca720f2dc2774c9f798cc4ed10221) Importer(815301076,1909f56bfc062723c751e8b465ee728b)  -> (artifact id: '0fba60026a00a9e796e9841d80e8b734') in 0.054664 seconds
Internal: There are remaining Allocations on the JobTempAlloc. This is a leak, and will impact performance
To Debug, run app with -diag-job-temp-memory-leak-validation cmd line argument. This will output the callstacks of the leaked allocations.
Number of updated asset objects reloaded before import = 0
Number of asset objects unloaded after import = 61
========================================================================
Received Prepare
Begin MonoManager ReloadAssembly
Symbol file LoadedFromMemory doesn't match image D:\1 Work\Torture\HOOK-AND-FISH\HookAndFish\Library\PackageCache\com.unity.visualscripting@1.8.0\Editor\VisualScripting.Core\Dependencies\YamlDotNet\Unity.VisualScripting.YamlDotNet.dll
Symbol file LoadedFromMemory doesn't match image D:\1 Work\Torture\HOOK-AND-FISH\HookAndFish\Library\PackageCache\com.unity.visualscripting@1.8.0\Editor\VisualScripting.Core\Dependencies\DotNetZip\Unity.VisualScripting.IonicZip.dll
- Loaded All Assemblies, in  0.827 seconds
Refreshing native plugins compatible for Editor in 15.20 ms, found 3 plugins.
Native extension for WindowsStandalone target not found
Native extension for Android target not found
Native extension for WebGL target not found
[Package Manager] Server::EnsureServerProcessIsRunning -- launch failed, reason: Unity was launched with the -noUpm command-line argument
[Package Manager] UpmClient::Send -- Unable to send message (not connected to UPM process).
[Package Manager] Cannot connect to Unity Package Manager local server
Mono: successfully reloaded assembly
- Finished resetting the current domain, in  2.005 seconds
Domain Reload Profiling: 2819ms
	BeginReloadAssembly (227ms)
		ExecutionOrderSort (0ms)
		DisableScriptedObjects (5ms)
		BackupInstance (0ms)
		ReleaseScriptingObjects (0ms)
		CreateAndSetChildDomain (38ms)
	RebuildCommonClasses (40ms)
	RebuildNativeTypeToScriptingClass (13ms)
	initialDomainReloadingComplete (55ms)
	LoadAllAssembliesAndSetupDomain (478ms)
		LoadAssemblies (597ms)
		RebuildTransferFunctionScriptingTraits (0ms)
		AnalyzeDomain (18ms)
			TypeCache.Refresh (7ms)
				TypeCache.ScanAssembly (0ms)
			ScanForSourceGeneratedMonoScriptInfo (0ms)
			ResolveRequiredComponents (9ms)
	FinalizeReload (2006ms)
		ReleaseScriptCaches (0ms)
		RebuildScriptCaches (0ms)
		SetupLoadedEditorAssemblies (741ms)
			LogAssemblyErrors (0ms)
			InitializePlatformSupportModulesInManaged (64ms)
			SetLoadedEditorAssemblies (5ms)
			RefreshPlugins (0ms)
			BeforeProcessingInitializeOnLoad (153ms)
			ProcessInitializeOnLoadAttributes (459ms)
			ProcessInitializeOnLoadMethodAttributes (27ms)
			AfterProcessingInitializeOnLoad (33ms)
			EditorAssembliesLoaded (0ms)
		ExecutionOrderSort2 (0ms)
		AwakeInstancesAfterBackupRestoration (10ms)
Refreshing native plugins compatible for Editor in 15.30 ms, found 3 plugins.
Preloading 0 native plugins for Editor in 0.00 ms.
Unloading 3584 Unused Serialized files (Serialized files now loaded: 0)
Unloading 26 unused Assets / (32.4 KB). Loaded Objects now: 4162.
Memory consumption went from 146.3 MB to 146.2 MB.
Total: 4.095700 ms (FindLiveObjects: 0.269900 ms CreateObjectMapping: 0.224300 ms MarkObjects: 3.553600 ms  DeleteObjects: 0.046900 ms)

Prepare: number of updated asset objects reloaded= 0
AssetImportParameters requested are different than current active one (requested -> active):
  custom:container-demuxer-ogg: 62fdf1f143b41e24485cea50d1cbac27 -> 
  custom:video-decoder-ogg-theora: a1e56fd34408186e4bbccfd4996cb3dc -> 
  custom:framework-win-MediaFoundation: 216162199b28c13a410421893ffa2e32 -> 
  custom:CustomObjectIndexerAttribute: 756ad292c208cfabdd7b50bc23989ffe -> 
  custom:container-demuxer-webm: 4f35f7cbe854078d1ac9338744f61a02 -> 
  custom:container-muxer-webm: aa71ff27fc2769a1b78a27578f13a17b -> 
  custom:video-decoder-webm-vp8: 9c59270c3fd7afecdb556c50c9e8de78 -> 
  custom:SearchIndexIgnoredProperties: e643bd26f0fe6173181afceb89e7c659 -> 
  custom:AudioImporter_EditorPlatform: d09bf68614088b80899f8185d706f6e7 -> 
  custom:video-encoder-webm-vp8: eb34c28f22e8b96e1ab97ce403110664 -> 
  custom:audio-decoder-ogg-vorbis: bf7c407c2cedff20999df2af8eb42d56 -> 
  custom:audio-encoder-webm-vorbis: bf7c407c2cedff20999df2af8eb42d56 -> 
========================================================================
Received Prepare
Begin MonoManager ReloadAssembly
Symbol file LoadedFromMemory doesn't match image D:\1 Work\Torture\HOOK-AND-FISH\HookAndFish\Library\PackageCache\com.unity.visualscripting@1.8.0\Editor\VisualScripting.Core\Dependencies\YamlDotNet\Unity.VisualScripting.YamlDotNet.dll
Symbol file LoadedFromMemory doesn't match image D:\1 Work\Torture\HOOK-AND-FISH\HookAndFish\Library\PackageCache\com.unity.visualscripting@1.8.0\Editor\VisualScripting.Core\Dependencies\DotNetZip\Unity.VisualScripting.IonicZip.dll
- Loaded All Assemblies, in  0.823 seconds
Refreshing native plugins compatible for Editor in 13.88 ms, found 3 plugins.
Native extension for WindowsStandalone target not found
Native extension for Android target not found
Native extension for WebGL target not found
[Package Manager] Server::EnsureServerProcessIsRunning -- launch failed, reason: Unity was launched with the -noUpm command-line argument
[Package Manager] UpmClient::Send -- Unable to send message (not connected to UPM process).
[Package Manager] Cannot connect to Unity Package Manager local server
Mono: successfully reloaded assembly
- Finished resetting the current domain, in  1.948 seconds
Domain Reload Profiling: 2758ms
	BeginReloadAssembly (226ms)
		ExecutionOrderSort (0ms)
		DisableScriptedObjects (6ms)
		BackupInstance (0ms)
		ReleaseScriptingObjects (0ms)
		CreateAndSetChildDomain (34ms)
	RebuildCommonClasses (42ms)
	RebuildNativeTypeToScriptingClass (13ms)
	initialDomainReloadingComplete (54ms)
	LoadAllAssembliesAndSetupDomain (475ms)
		LoadAssemblies (599ms)
		RebuildTransferFunctionScriptingTraits (0ms)
		AnalyzeDomain (17ms)
			TypeCache.Refresh (7ms)
				TypeCache.ScanAssembly (0ms)
			ScanForSourceGeneratedMonoScriptInfo (0ms)
			ResolveRequiredComponents (8ms)
	FinalizeReload (1948ms)
		ReleaseScriptCaches (0ms)
		RebuildScriptCaches (0ms)
		SetupLoadedEditorAssemblies (725ms)
			LogAssemblyErrors (0ms)
			InitializePlatformSupportModulesInManaged (59ms)
			SetLoadedEditorAssemblies (5ms)
			RefreshPlugins (0ms)
			BeforeProcessingInitializeOnLoad (147ms)
			ProcessInitializeOnLoadAttributes (451ms)
			ProcessInitializeOnLoadMethodAttributes (27ms)
			AfterProcessingInitializeOnLoad (36ms)
			EditorAssembliesLoaded (1ms)
		ExecutionOrderSort2 (0ms)
		AwakeInstancesAfterBackupRestoration (12ms)
Refreshing native plugins compatible for Editor in 14.41 ms, found 3 plugins.
Preloading 0 native plugins for Editor in 0.00 ms.
Unloading 3584 Unused Serialized files (Serialized files now loaded: 0)
Unloading 26 unused Assets / (32.4 KB). Loaded Objects now: 4165.
Memory consumption went from 146.3 MB to 146.2 MB.
Total: 4.139700 ms (FindLiveObjects: 0.525200 ms CreateObjectMapping: 0.334200 ms MarkObjects: 3.219800 ms  DeleteObjects: 0.059500 ms)

Prepare: number of updated asset objects reloaded= 0
AssetImportParameters requested are different than current active one (requested -> active):
  custom:container-demuxer-ogg: 62fdf1f143b41e24485cea50d1cbac27 -> 
  custom:video-decoder-ogg-theora: a1e56fd34408186e4bbccfd4996cb3dc -> 
  custom:framework-win-MediaFoundation: 216162199b28c13a410421893ffa2e32 -> 
  custom:CustomObjectIndexerAttribute: 756ad292c208cfabdd7b50bc23989ffe -> 
  custom:container-demuxer-webm: 4f35f7cbe854078d1ac9338744f61a02 -> 
  custom:container-muxer-webm: aa71ff27fc2769a1b78a27578f13a17b -> 
  custom:video-decoder-webm-vp8: 9c59270c3fd7afecdb556c50c9e8de78 -> 
  custom:SearchIndexIgnoredProperties: e643bd26f0fe6173181afceb89e7c659 -> 
  custom:AudioImporter_EditorPlatform: d09bf68614088b80899f8185d706f6e7 -> 
  custom:video-encoder-webm-vp8: eb34c28f22e8b96e1ab97ce403110664 -> 
  custom:audio-decoder-ogg-vorbis: bf7c407c2cedff20999df2af8eb42d56 -> 
  custom:audio-encoder-webm-vorbis: bf7c407c2cedff20999df2af8eb42d56 -> 
